<?xml version="1.0" encoding="UTF-8"?>
<!-- Generated by org.testng.reporters.JUnitReportReporter -->
<testsuite hostname="LAPTOP-0AIL7MR7" failures="0" tests="1" name="com.org_name.tests.TestHomePage" time="2.949" errors="0" timestamp="2024-02-15T00:24:14 IST" skipped="0">
  <testcase classname="com.org_name.tests.TestHomePage" name="testHomePage" time="2.949"/>
</testsuite> <!-- com.org_name.tests.TestHomePage -->
